#
# A fatal error has been detected by the Java Runtime Environment:
#
#  EXCEPTION_ACCESS_VIOLATION (0xc0000005) at pc=0x000000005f42abd2, pid=9104, tid=0x0000000000001aa0
#
# JRE version: Java(TM) SE Runtime Environment (8.0_111-b14) (build 1.8.0_111-b14)
# Java VM: Java HotSpot(TM) 64-Bit Server VM (25.111-b14 mixed mode windows-amd64 compressed oops)
# Problematic frame:
# C  [mlib_image.dll+0x6abd2]
#
# Failed to write core dump. Minidumps are not enabled by default on client versions of Windows
#
# If you would like to submit a bug report, please visit:
#   http://bugreport.java.com/bugreport/crash.jsp
# The crash happened outside the Java Virtual Machine in native code.
# See problematic frame for where to report the bug.
#

---------------  T H R E A D  ---------------

Current thread (0x000000001a44c800):  JavaThread "AWT-EventQueue-0" [_thread_in_native, id=6816, stack(0x000000001abf0000,0x000000001acf0000)]

siginfo: ExceptionCode=0xc0000005, writing address 0xfffffffe18d8bf80

Registers:
RAX=0x0000000080000001, RBX=0x0000000000000002, RCX=0xffffffff80000000, RDX=0xffffffff80000000
RSP=0x000000001acecf70, RBP=0x000000001aced070, RSI=0x0000000000000000, RDI=0x0000000000000000
R8 =0x0000000000000002, R9 =0xffffffffffffffff, R10=0x0000000000000000, R11=0x0000000000000001
R12=0x0000000018d8bf80, R13=0x0000000018d8c000, R14=0x0000000000000000, R15=0x0000000000000020
RIP=0x000000005f42abd2, EFLAGS=0x0000000000010247

Top of Stack: (sp=0x000000001acecf70)
0x000000001acecf70:   00000000190a6070 000000001a7ac430
0x000000001acecf80:   0000000000000000 0000000000000000
0x000000001acecf90:   0000000000000000 0000000000000000
0x000000001acecfa0:   0000000018d8c100 403f800000000000
0x000000001acecfb0:   403f800000000000 0000000018d8c080
0x000000001acecfc0:   fff80000ffffffff 0000000000000002
0x000000001acecfd0:   0000002000000020 0000000000000080
0x000000001acecfe0:   0000000018d8c000 0000000000000020
0x000000001acecff0:   fff8000000000000 fff8000000000000
0x000000001aced000:   bfe0000000000000 0000000018d8bf80
0x000000001aced010:   fff8000000000000 000000001aced220
0x000000001aced020:   fff8000000000000 00000000d7a722a0
0x000000001aced030:   7ff8000000000000 7ff8000000000000
0x000000001aced040:   fff8000000000000 fff8000000000000
0x000000001aced050:   fff8000000000000 fff8000000000000
0x000000001aced060:   fff8000000000000 fff8000000000000 

Instructions: (pc=0x000000005f42abd2)
0x000000005f42abb2:   2f d9 72 04 66 0f 28 c3 f2 0f 2c c0 66 0f 6e c0
0x000000005f42abc2:   f3 0f e6 c0 66 0f 2f c1 73 02 ff c0 66 0f 2f ca
0x000000005f42abd2:   41 89 04 8c 72 08 41 c7 04 8c ff ff ff 7f 48 ff
0x000000005f42abe2:   c1 f2 0f 58 ce 48 3b ca 7e b4 48 ff cf 49 ff c8 


Register to memory mapping:

RAX=0x0000000080000001 is an unknown value
RBX=0x0000000000000002 is an unknown value
RCX=0xffffffff80000000 is an unknown value
RDX=0xffffffff80000000 is an unknown value
RSP=0x000000001acecf70 is pointing into the stack for thread: 0x000000001a44c800
RBP=0x000000001aced070 is pointing into the stack for thread: 0x000000001a44c800
RSI=0x0000000000000000 is an unknown value
RDI=0x0000000000000000 is an unknown value
R8 =0x0000000000000002 is an unknown value
R9 =0xffffffffffffffff is an unknown value
R10=0x0000000000000000 is an unknown value
R11=0x0000000000000001 is an unknown value
R12=0x0000000018d8bf80 is an unknown value
R13=0x0000000018d8c000 is an unknown value
R14=0x0000000000000000 is an unknown value
R15=0x0000000000000020 is an unknown value


Stack: [0x000000001abf0000,0x000000001acf0000],  sp=0x000000001acecf70,  free space=1011k
Native frames: (J=compiled Java code, j=interpreted, Vv=VM code, C=native code)
C  [mlib_image.dll+0x6abd2]
C  [mlib_image.dll+0x111e]
C  [mlib_image.dll+0x1482]
C  [awt.dll+0xb224a]
C  0x00000000028e7f74

Java frames: (J=compiled Java code, j=interpreted, Vv=VM code)
j  sun.awt.image.ImagingLib.transformBI(Ljava/awt/image/BufferedImage;Ljava/awt/image/BufferedImage;[DI)I+0
j  sun.awt.image.ImagingLib.filter(Ljava/awt/image/BufferedImageOp;Ljava/awt/image/BufferedImage;Ljava/awt/image/BufferedImage;)Ljava/awt/image/BufferedImage;+194
j  java.awt.image.AffineTransformOp.filter(Ljava/awt/image/BufferedImage;Ljava/awt/image/BufferedImage;)Ljava/awt/image/BufferedImage;+356
j  matrizen.model.gegner.StatueGegner.drehen(Ljava/awt/image/BufferedImage;)Ljava/awt/Image;+98
j  matrizen.model.gegner.StatueGegner.zeichnen(Ljava/awt/Graphics2D;)V+6
j  matrizen.model.Level.zeichnen(Ljava/awt/Graphics2D;)V+101
j  matrizen.model.Spiel.zeichnen(Ljava/awt/Graphics2D;)V+109
j  matrizen.view.SpielFenster.aktualisieren()V+40
j  matrizen.view.SpielFenster.lambda$0(Ljava/awt/event/ActionEvent;)V+1
j  matrizen.view.SpielFenster$$Lambda$14.actionPerformed(Ljava/awt/event/ActionEvent;)V+5
j  javax.swing.Timer.fireActionPerformed(Ljava/awt/event/ActionEvent;)V+34
j  javax.swing.Timer$DoPostEvent.run()V+74
j  java.awt.event.InvocationEvent.dispatch()V+47
j  java.awt.EventQueue.dispatchEventImpl(Ljava/awt/AWTEvent;Ljava/lang/Object;)V+21
j  java.awt.EventQueue.access$500(Ljava/awt/EventQueue;Ljava/awt/AWTEvent;Ljava/lang/Object;)V+3
j  java.awt.EventQueue$3.run()Ljava/lang/Void;+32
j  java.awt.EventQueue$3.run()Ljava/lang/Object;+1
v  ~StubRoutines::call_stub
J 671  java.security.AccessController.doPrivileged(Ljava/security/PrivilegedAction;Ljava/security/AccessControlContext;)Ljava/lang/Object; (0 bytes) @ 0x0000000002b3b1a6 [0x0000000002b3b140+0x66]
J 826 C1 java.awt.EventQueue.dispatchEvent(Ljava/awt/AWTEvent;)V (80 bytes) @ 0x0000000002b961c4 [0x0000000002b95840+0x984]
J 832 C1 java.awt.EventDispatchThread.pumpOneEventForFilters(I)V (295 bytes) @ 0x0000000002b9d624 [0x0000000002b9bac0+0x1b64]
j  java.awt.EventDispatchThread.pumpEventsForFilter(ILjava/awt/Conditional;Ljava/awt/EventFilter;)V+35
j  java.awt.EventDispatchThread.pumpEventsForHierarchy(ILjava/awt/Conditional;Ljava/awt/Component;)V+11
j  java.awt.EventDispatchThread.pumpEvents(ILjava/awt/Conditional;)V+4
j  java.awt.EventDispatchThread.pumpEvents(Ljava/awt/Conditional;)V+3
j  java.awt.EventDispatchThread.run()V+9
v  ~StubRoutines::call_stub

---------------  P R O C E S S  ---------------

Java Threads: ( => current thread )
  0x000000001a54e800 JavaThread "TimerQueue" daemon [_thread_blocked, id=9836, stack(0x000000001dd30000,0x000000001de30000)]
  0x000000001a54d000 JavaThread "Timer-0" [_thread_blocked, id=11876, stack(0x000000001c430000,0x000000001c530000)]
  0x000000001a546000 JavaThread "Direct Clip" daemon [_thread_in_vm, id=11628, stack(0x000000001c330000,0x000000001c430000)]
  0x000000001a545800 JavaThread "Java Sound Event Dispatcher" daemon [_thread_blocked, id=11508, stack(0x000000001be30000,0x000000001bf30000)]
  0x00000000027d1000 JavaThread "DestroyJavaVM" [_thread_blocked, id=11540, stack(0x00000000026d0000,0x00000000027d0000)]
=>0x000000001a44c800 JavaThread "AWT-EventQueue-0" [_thread_in_native, id=6816, stack(0x000000001abf0000,0x000000001acf0000)]
  0x00000000190a0000 JavaThread "AWT-Windows" daemon [_thread_in_native, id=6352, stack(0x0000000019970000,0x0000000019a70000)]
  0x000000001909f800 JavaThread "AWT-Shutdown" [_thread_blocked, id=11360, stack(0x0000000019870000,0x0000000019970000)]
  0x000000001905b000 JavaThread "Java2D Disposer" daemon [_thread_blocked, id=6180, stack(0x0000000019770000,0x0000000019870000)]
  0x0000000018ce9000 JavaThread "Service Thread" daemon [_thread_blocked, id=10768, stack(0x00000000191c0000,0x00000000192c0000)]
  0x00000000174a7000 JavaThread "C1 CompilerThread2" daemon [_thread_blocked, id=416, stack(0x00000000190c0000,0x00000000191c0000)]
  0x0000000017455800 JavaThread "C2 CompilerThread1" daemon [_thread_blocked, id=8036, stack(0x0000000018bc0000,0x0000000018cc0000)]
  0x000000001744e000 JavaThread "C2 CompilerThread0" daemon [_thread_blocked, id=9020, stack(0x0000000018ac0000,0x0000000018bc0000)]
  0x000000001744c800 JavaThread "Attach Listener" daemon [_thread_blocked, id=2448, stack(0x00000000189c0000,0x0000000018ac0000)]
  0x000000001744b800 JavaThread "Signal Dispatcher" daemon [_thread_blocked, id=9732, stack(0x00000000188c0000,0x00000000189c0000)]
  0x00000000028ca000 JavaThread "Finalizer" daemon [_thread_blocked, id=10184, stack(0x00000000186a0000,0x00000000187a0000)]
  0x00000000028bf000 JavaThread "Reference Handler" daemon [_thread_blocked, id=7592, stack(0x00000000185a0000,0x00000000186a0000)]

Other Threads:
  0x0000000017417800 VMThread [stack: 0x00000000184a0000,0x00000000185a0000] [id=11080]
  0x0000000018ceb000 WatcherThread [stack: 0x00000000192c0000,0x00000000193c0000] [id=8856]

VM state:not at safepoint (normal execution)

VM Mutex/Monitor currently owned by a thread: None

Heap:
 PSYoungGen      total 38400K, used 31958K [0x00000000d5b80000, 0x00000000d8600000, 0x0000000100000000)
  eden space 33280K, 96% used [0x00000000d5b80000,0x00000000d7ab58d8,0x00000000d7c00000)
  from space 5120K, 0% used [0x00000000d8100000,0x00000000d8100000,0x00000000d8600000)
  to   space 5120K, 0% used [0x00000000d7c00000,0x00000000d7c00000,0x00000000d8100000)
 ParOldGen       total 87552K, used 24500K [0x0000000081200000, 0x0000000086780000, 0x00000000d5b80000)
  object space 87552K, 27% used [0x0000000081200000,0x00000000829ed010,0x0000000086780000)
 Metaspace       used 11454K, capacity 11680K, committed 12032K, reserved 1060864K
  class space    used 1375K, capacity 1458K, committed 1536K, reserved 1048576K

Card table byte_map: [0x0000000011c90000,0x0000000012090000] byte_map_base: 0x0000000011887000

Marking Bits: (ParMarkBitMap*) 0x000000005ef9a6c0
 Begin Bits: [0x0000000012740000, 0x00000000146f8000)
 End Bits:   [0x00000000146f8000, 0x00000000166b0000)

Polling page: 0x00000000005f0000

CodeCache: size=245760Kb used=2954Kb max_used=2954Kb free=242805Kb
 bounds [0x00000000028d0000, 0x0000000002bc0000, 0x00000000118d0000]
 total_blobs=1357 nmethods=872 adapters=398
 compilation: enabled

Compilation events (10 events):
Event: 5.666 Thread 0x00000000174a7000 nmethod 862 0x0000000002babed0 code [0x0000000002bac020, 0x0000000002bac130]
Event: 5.666 Thread 0x00000000174a7000  863       1       java.awt.image.Raster::getDataBuffer (5 bytes)
Event: 5.666 Thread 0x00000000174a7000 nmethod 863 0x0000000002bac190 code [0x0000000002bac2e0, 0x0000000002bac3f0]
Event: 5.666 Thread 0x00000000174a7000  864       1       java.awt.image.BufferedImage::getRaster (5 bytes)
Event: 5.666 Thread 0x00000000174a7000 nmethod 864 0x0000000002bac450 code [0x0000000002bac5a0, 0x0000000002bac6b0]
Event: 5.675 Thread 0x00000000174a7000  865       3       java.awt.image.ComponentColorModel::getRGBComponent (111 bytes)
Event: 5.676 Thread 0x00000000174a7000 nmethod 865 0x0000000002bac710 code [0x0000000002bac920, 0x0000000002bace98]
Event: 5.676 Thread 0x00000000174a7000  867       3       sun.awt.image.ByteInterleavedRaster::getDataElements (132 bytes)
Event: 5.677 Thread 0x00000000174a7000 nmethod 867 0x0000000002bad190 code [0x0000000002bad340, 0x0000000002bad928]
Event: 5.677 Thread 0x00000000174a7000  866       3       java.awt.image.ComponentColorModel::extractComponent (530 bytes)

GC Heap History (0 events):
No events

Deoptimization events (1 events):
Event: 0.229 Thread 0x00000000027d1000 Uncommon trap: reason=null_check action=make_not_entrant pc=0x0000000002a4929c method=java.lang.String.equals(Ljava/lang/Object;)Z @ 8

Internal exceptions (10 events):
Event: 0.056 Thread 0x00000000027d1000 Exception <a 'java/lang/NoSuchMethodError': Method sun.misc.Unsafe.prefetchRead(Ljava/lang/Object;J)V name or signature does not match> (0x00000000d5b87f60) thrown at [C:\re\workspace\8-2-build-windows-amd64-cygwin\jdk8u111\7883\hotspot\src\share\vm\prims
Event: 0.144 Thread 0x00000000027d1000 Exception <a 'java/security/PrivilegedActionException'> (0x00000000d5c0a420) thrown at [C:\re\workspace\8-2-build-windows-amd64-cygwin\jdk8u111\7883\hotspot\src\share\vm\prims\jvm.cpp, line 1386]
Event: 0.144 Thread 0x00000000027d1000 Exception <a 'java/security/PrivilegedActionException'> (0x00000000d5c0a630) thrown at [C:\re\workspace\8-2-build-windows-amd64-cygwin\jdk8u111\7883\hotspot\src\share\vm\prims\jvm.cpp, line 1386]
Event: 0.145 Thread 0x00000000027d1000 Exception <a 'java/security/PrivilegedActionException'> (0x00000000d5c0e518) thrown at [C:\re\workspace\8-2-build-windows-amd64-cygwin\jdk8u111\7883\hotspot\src\share\vm\prims\jvm.cpp, line 1386]
Event: 0.145 Thread 0x00000000027d1000 Exception <a 'java/security/PrivilegedActionException'> (0x00000000d5c0e728) thrown at [C:\re\workspace\8-2-build-windows-amd64-cygwin\jdk8u111\7883\hotspot\src\share\vm\prims\jvm.cpp, line 1386]
Event: 0.151 Thread 0x00000000027d1000 Exception <a 'java/io/FileNotFoundException'> (0x00000000d5c119b0) thrown at [C:\re\workspace\8-2-build-windows-amd64-cygwin\jdk8u111\7883\hotspot\src\share\vm\prims\jni.cpp, line 709]
Event: 0.193 Thread 0x00000000027d1000 Exception <a 'java/lang/NoSuchFieldError': method resolution failed> (0x00000000d5d85498) thrown at [C:\re\workspace\8-2-build-windows-amd64-cygwin\jdk8u111\7883\hotspot\src\share\vm\prims\methodHandles.cpp, line 1146]
Event: 0.195 Thread 0x00000000027d1000 Exception <a 'java/lang/NoSuchFieldError': method resolution failed> (0x00000000d5d92868) thrown at [C:\re\workspace\8-2-build-windows-amd64-cygwin\jdk8u111\7883\hotspot\src\share\vm\prims\methodHandles.cpp, line 1146]
Event: 0.229 Thread 0x00000000027d1000 Implicit null exception at 0x0000000002a490db to 0x0000000002a4928d
Event: 0.289 Thread 0x00000000027d1000 Exception <a 'java/io/FileNotFoundException'> (0x00000000d5f7efb0) thrown at [C:\re\workspace\8-2-build-windows-amd64-cygwin\jdk8u111\7883\hotspot\src\share\vm\prims\jni.cpp, line 709]

Events (10 events):
Event: 5.667 loading class sun/awt/image/ImagingLib
Event: 5.667 loading class sun/awt/image/ImagingLib done
Event: 5.667 loading class sun/awt/image/ImagingLib$1
Event: 5.667 loading class sun/awt/image/ImagingLib$1 done
Event: 5.671 loading class java/awt/image/LookupOp
Event: 5.671 loading class java/awt/image/LookupOp done
Event: 5.672 loading class java/awt/image/ConvolveOp
Event: 5.672 loading class java/awt/image/ConvolveOp done
Event: 5.673 loading class sun/awt/image/BytePackedRaster
Event: 5.673 loading class sun/awt/image/BytePackedRaster done


Dynamic libraries:
0x00007ff74e390000 - 0x00007ff74e3c7000 	C:\Program Files\Java\jdk1.8.0_111\bin\javaw.exe
0x00007ffae1e40000 - 0x00007ffae201b000 	C:\WINDOWS\SYSTEM32\ntdll.dll
0x00007ffae1b70000 - 0x00007ffae1c1e000 	C:\WINDOWS\System32\KERNEL32.DLL
0x00007ffadecf0000 - 0x00007ffadef39000 	C:\WINDOWS\System32\KERNELBASE.dll
0x00007ffae1920000 - 0x00007ffae19c1000 	C:\WINDOWS\System32\ADVAPI32.dll
0x00007ffadfab0000 - 0x00007ffadfb4d000 	C:\WINDOWS\System32\msvcrt.dll
0x00007ffadfc10000 - 0x00007ffadfc69000 	C:\WINDOWS\System32\sechost.dll
0x00007ffae0150000 - 0x00007ffae0275000 	C:\WINDOWS\System32\RPCRT4.dll
0x00007ffae1cf0000 - 0x00007ffae1e3a000 	C:\WINDOWS\System32\USER32.dll
0x00007ffade450000 - 0x00007ffade46e000 	C:\WINDOWS\System32\win32u.dll
0x00007ffae1b40000 - 0x00007ffae1b67000 	C:\WINDOWS\System32\GDI32.dll
0x00007ffadef40000 - 0x00007ffadf0c9000 	C:\WINDOWS\System32\gdi32full.dll
0x00007ffade360000 - 0x00007ffade3fa000 	C:\WINDOWS\System32\msvcp_win.dll
0x00007ffadf0d0000 - 0x00007ffadf1c6000 	C:\WINDOWS\System32\ucrtbase.dll
0x00007ffac72f0000 - 0x00007ffac7557000 	C:\WINDOWS\WinSxS\amd64_microsoft.windows.common-controls_6595b64144ccf1df_6.0.15063.0_none_108e4f62dfe5d999\COMCTL32.dll
0x00007ffadfe50000 - 0x00007ffae0149000 	C:\WINDOWS\System32\combase.dll
0x00007ffade470000 - 0x00007ffade4da000 	C:\WINDOWS\System32\bcryptPrimitives.dll
0x00007ffadf9d0000 - 0x00007ffadf9fd000 	C:\WINDOWS\System32\IMM32.DLL
0x00007ffadd2e0000 - 0x00007ffadd311000 	C:\WINDOWS\SYSTEM32\ntmarta.dll
0x00007ffade1e0000 - 0x00007ffade210000 	C:\WINDOWS\SYSTEM32\SspiCli.dll
0x000000005f4c0000 - 0x000000005f592000 	C:\Program Files\Java\jdk1.8.0_111\jre\bin\msvcr100.dll
0x000000005e780000 - 0x000000005f01a000 	C:\Program Files\Java\jdk1.8.0_111\jre\bin\server\jvm.dll
0x00007ffae0280000 - 0x00007ffae0288000 	C:\WINDOWS\System32\PSAPI.DLL
0x00007ffad2ce0000 - 0x00007ffad2ce9000 	C:\WINDOWS\SYSTEM32\WSOCK32.dll
0x00007ffadfc70000 - 0x00007ffadfcdc000 	C:\WINDOWS\System32\WS2_32.dll
0x00007ffad3fa0000 - 0x00007ffad3fc3000 	C:\WINDOWS\SYSTEM32\WINMM.dll
0x00007ffadc6b0000 - 0x00007ffadc6ba000 	C:\WINDOWS\SYSTEM32\VERSION.dll
0x00007ffad3dd0000 - 0x00007ffad3dfb000 	C:\WINDOWS\SYSTEM32\WINMMBASE.dll
0x00007ffade400000 - 0x00007ffade449000 	C:\WINDOWS\System32\cfgmgr32.dll
0x00000000604b0000 - 0x00000000604bf000 	C:\Program Files\Java\jdk1.8.0_111\jre\bin\verify.dll
0x0000000060480000 - 0x00000000604a9000 	C:\Program Files\Java\jdk1.8.0_111\jre\bin\java.dll
0x0000000060460000 - 0x0000000060476000 	C:\Program Files\Java\jdk1.8.0_111\jre\bin\zip.dll
0x00007ffae04e0000 - 0x00007ffae1917000 	C:\WINDOWS\System32\SHELL32.dll
0x00007ffadfa00000 - 0x00007ffadfaaa000 	C:\WINDOWS\System32\shcore.dll
0x00007ffade5f0000 - 0x00007ffadece2000 	C:\WINDOWS\System32\windows.storage.dll
0x00007ffadfb50000 - 0x00007ffadfba1000 	C:\WINDOWS\System32\shlwapi.dll
0x00007ffade340000 - 0x00007ffade351000 	C:\WINDOWS\System32\kernel.appcore.dll
0x00007ffade2f0000 - 0x00007ffade33c000 	C:\WINDOWS\System32\powrprof.dll
0x00007ffade2b0000 - 0x00007ffade2c5000 	C:\WINDOWS\System32\profapi.dll
0x000000005f1a0000 - 0x000000005f338000 	C:\Program Files\Java\jdk1.8.0_111\jre\bin\awt.dll
0x00007ffae1c30000 - 0x00007ffae1cef000 	C:\WINDOWS\System32\OLEAUT32.dll
0x00007ffadbf30000 - 0x00007ffadbfae000 	C:\WINDOWS\SYSTEM32\apphelp.dll
0x00007ffadc0e0000 - 0x00007ffadc175000 	C:\WINDOWS\system32\uxtheme.dll
0x00007ffadfce0000 - 0x00007ffadfe46000 	C:\WINDOWS\System32\MSCTF.dll
0x00007ffacc0b0000 - 0x00007ffacc0da000 	C:\WINDOWS\system32\dwmapi.dll
0x00007ffadf3a0000 - 0x00007ffadf4e5000 	C:\WINDOWS\System32\ole32.dll
0x0000000060390000 - 0x00000000603d7000 	C:\Program Files\Java\jdk1.8.0_111\jre\bin\fontmanager.dll
0x00007ffacb9f0000 - 0x00007ffacba72000 	C:\WINDOWS\System32\TextInputFramework.dll
0x00007ffacb710000 - 0x00007ffacb9e2000 	C:\WINDOWS\System32\CoreUIComponents.dll
0x00007ffadb8e0000 - 0x00007ffadb9c3000 	C:\WINDOWS\System32\CoreMessaging.dll
0x00007ffada010000 - 0x00007ffada149000 	C:\WINDOWS\SYSTEM32\wintypes.dll
0x00007ffada870000 - 0x00007ffada885000 	C:\WINDOWS\SYSTEM32\usermgrcli.dll
0x0000000060440000 - 0x000000006045a000 	C:\Program Files\Java\jdk1.8.0_111\jre\bin\net.dll
0x00007ffadd890000 - 0x00007ffadd8ec000 	C:\WINDOWS\system32\mswsock.dll
0x0000000060420000 - 0x0000000060431000 	C:\Program Files\Java\jdk1.8.0_111\jre\bin\nio.dll
0x000000005f470000 - 0x000000005f4b2000 	C:\Program Files\Java\jdk1.8.0_111\jre\bin\t2k.dll
0x0000000060380000 - 0x000000006038c000 	C:\Program Files\Java\jdk1.8.0_111\jre\bin\jsound.dll
0x0000000060370000 - 0x000000006037b000 	C:\Program Files\Java\jdk1.8.0_111\jre\bin\jsoundds.dll
0x00007ffabab10000 - 0x00007ffabab9c000 	C:\WINDOWS\SYSTEM32\DSOUND.dll
0x00007ffad8d20000 - 0x00007ffad8d87000 	C:\WINDOWS\SYSTEM32\MMDevAPI.DLL
0x00007ffadc2d0000 - 0x00007ffadc2f8000 	C:\WINDOWS\SYSTEM32\DEVOBJ.dll
0x00007ffad95d0000 - 0x00007ffad9766000 	C:\WINDOWS\SYSTEM32\PROPSYS.dll
0x00007ffad0590000 - 0x00007ffad05d1000 	C:\WINDOWS\SYSTEM32\wdmaud.drv
0x00007ffad8f50000 - 0x00007ffad8f5b000 	C:\WINDOWS\SYSTEM32\AVRT.dll
0x00007ffad8d90000 - 0x00007ffad8d99000 	C:\WINDOWS\SYSTEM32\ksuser.dll
0x00007ffad8690000 - 0x00007ffad8795000 	C:\WINDOWS\SYSTEM32\AUDIOSES.DLL
0x00007ffaddc70000 - 0x00007ffaddc7d000 	C:\WINDOWS\SYSTEM32\msacm32.drv
0x00007ffadce80000 - 0x00007ffadce9c000 	C:\WINDOWS\SYSTEM32\MSACM32.dll
0x00007ffadce70000 - 0x00007ffadce7a000 	C:\WINDOWS\SYSTEM32\midimap.dll
0x00007ffadf930000 - 0x00007ffadf9ce000 	C:\WINDOWS\System32\clbcatq.dll
0x00007ffacba80000 - 0x00007ffacbb86000 	C:\Windows\System32\Windows.UI.dll
0x000000005f3c0000 - 0x000000005f462000 	C:\Program Files\Java\jdk1.8.0_111\jre\bin\mlib_image.dll
0x00007ffaddd10000 - 0x00007ffaddeb9000 	C:\WINDOWS\SYSTEM32\dbghelp.dll

VM Arguments:
jvm_args: -Dfile.encoding=Cp1252 
java_command: matrizen.vorhinein.AnfangsFenster
java_class_path (initial): D:\Stefan\Dateien\Schule\Q11\Informatik\Projekt\git\informatik-projekt\ProjektInfromatik\bin
Launcher Type: SUN_STANDARD

Environment Variables:
PATH=C:/Program Files/Java/jdk1.8.0_111/jre/bin/server;C:/Program Files/Java/jdk1.8.0_111/jre/bin;C:/Program Files/Java/jdk1.8.0_111/jre/lib/amd64;C:\ProgramData\Oracle\Java\javapath;C:\WINDOWS\system32;C:\WINDOWS;C:\WINDOWS\System32\Wbem;C:\WINDOWS\System32\WindowsPowerShell\v1.0\;C:\Program Files\Microsoft SQL Server\130\Tools\Binn\;C:\Program Files\Anaconda3;C:\Program Files\Anaconda3\Scripts;C:\Program Files\Anaconda3\Library\bin;C:\Program Files (x86)\GtkSharp\2.12\bin;C:\Users\Stefan.NB-STEFAN\AppData\Local\Microsoft\WindowsApps;C:\Users\Stefan.NB-STEFAN\AppData\Local\atom\bin;C:\Users\Stefan.NB-STEFAN\Desktop;
USERNAME=Stefan
OS=Windows_NT
PROCESSOR_IDENTIFIER=Intel64 Family 6 Model 69 Stepping 1, GenuineIntel



---------------  S Y S T E M  ---------------

OS: Windows 10.0 , 64 bit Build 15063 (10.0.15063.296)

CPU:total 4 (2 cores per cpu, 2 threads per core) family 6 model 69 stepping 1, cmov, cx8, fxsr, mmx, sse, sse2, sse3, ssse3, sse4.1, sse4.2, popcnt, avx, avx2, aes, clmul, erms, lzcnt, ht, tsc, tscinvbit, bmi1, bmi2

Memory: 4k page, physical 8310040k(5191096k free), swap 9882904k(5801896k free)

vm_info: Java HotSpot(TM) 64-Bit Server VM (25.111-b14) for windows-amd64 JRE (1.8.0_111-b14), built on Sep 22 2016 19:24:05 by "java_re" with MS VC++ 10.0 (VS2010)

time: Wed Jun 14 11:35:25 2017
elapsed time: 5 seconds (0d 0h 0m 5s)

